-------------------------------------------------------------------------------
Test set: com.examly.springapp.SpringappApplicationTests
-------------------------------------------------------------------------------
Tests run: 80, Failures: 1, Errors: 0, Skipped: 0, Time elapsed: 4.563 s <<< FAILURE! - in com.examly.springapp.SpringappApplicationTests
com.examly.springapp.SpringappApplicationTests.Day12_testGetProductByName  Time elapsed: 0.011 s  <<< FAILURE!
java.lang.AssertionError: No value at JSON path "$[0].productName"
	at com.examly.springapp.SpringappApplicationTests.Day12_testGetProductByName(SpringappApplicationTests.java:1127)
Caused by: com.jayway.jsonpath.PathNotFoundException: Filter: [0]['productName'] can only be applied to arrays. Current context is: Updated Laptop

